-------------------------------------------------------------------------------
Test set: br.com.estudandoemcasa.ecommerce.EcommerceWithKafkaApplicationTests
-------------------------------------------------------------------------------
Tests run: 1, Failures: 0, Errors: 1, Skipped: 0, Time elapsed: 0.435 s <<< FAILURE! - in br.com.estudandoemcasa.ecommerce.EcommerceWithKafkaApplicationTests
br.com.estudandoemcasa.ecommerce.EcommerceWithKafkaApplicationTests  Time elapsed: 0.433 s  <<< ERROR!
java.lang.IllegalStateException: Unable to find a @SpringBootConfiguration, you need to use @ContextConfiguration or @SpringBootTest(classes=...) with your test

