<?xml version="1.0" encoding="UTF-8"?>
<testsuite xmlns:xsi="http://www.w3.org/2001/XMLSchema-instance" xsi:noNamespaceSchemaLocation="https://maven.apache.org/surefire/maven-surefire-plugin/xsd/surefire-test-report.xsd" name="br.com.estudandoemcasa.ecommerce.EcommerceWithKafkaApplicationTests" time="0.435" tests="1" errors="1" skipped="0" failures="0">
  <properties>
[...]
</properties>
  <testcase name="br.com.estudandoemcasa.ecommerce.EcommerceWithKafkaApplicationTests" classname="br.com.estudandoemcasa.ecommerce.EcommerceWithKafkaApplicationTests" time="0.433">
    <error message="Unable to find a @SpringBootConfiguration, you need to use @ContextConfiguration or @SpringBootTest(classes=...) with your test" type="java.lang.IllegalStateException">java.lang.IllegalStateException: Unable to find a @SpringBootConfiguration, you need to use @ContextConfiguration or @SpringBootTest(classes=...) with your test
</error>
    <system-out><![CDATA[04:51:54.085 [main] DEBUG org.springframework.boot.test.context.SpringBootTestContextBootstrapper -- Neither @ContextConfiguration nor @ContextHierarchy found for test class [EcommerceWithKafkaApplicationTests]: using SpringBootContextLoader
04:51:54.093 [main] DEBUG org.springframework.test.context.support.AbstractContextLoader -- Could not detect default resource locations for test class [br.com.estudandoemcasa.ecommerce.EcommerceWithKafkaApplicationTests]: no resource found for suffixes {-context.xml, Context.groovy}.
04:51:54.094 [main] INFO org.springframework.test.context.support.AnnotationConfigContextLoaderUtils -- Could not detect default configuration classes for test class [br.com.estudandoemcasa.ecommerce.EcommerceWithKafkaApplicationTests]: EcommerceWithKafkaApplicationTests does not declare any static, non-private, non-final, nested classes annotated with @Configuration.
04:51:54.161 [main] DEBUG org.springframework.boot.test.context.SpringBootTestContextBootstrapper -- Using ContextCustomizers for test class [EcommerceWithKafkaApplicationTests]: [ExcludeFilterContextCustomizer, DuplicateJsonObjectContextCustomizer, MockitoContextCustomizer, TestRestTemplateContextCustomizer, DisableObservabilityContextCustomizer, PropertyMappingContextCustomizer, Customizer]
]]></system-out>
    <system-err><![CDATA[SLF4J: Class path contains multiple SLF4J providers.
SLF4J: Found provider [ch.qos.logback.classic.spi.LogbackServiceProvider@6a01e23]
SLF4J: Found provider [org.slf4j.simple.SimpleServiceProvider@5a955565]
SLF4J: See https://www.slf4j.org/codes.html#multiple_bindings for an explanation.
SLF4J: Actual provider is of type [ch.qos.logback.classic.spi.LogbackServiceProvider@6a01e23]
]]></system-err>
  </testcase>
</testsuite>